#
# There is insufficient memory for the Java Runtime Environment to continue.
# Native memory allocation (malloc) failed to allocate 32744 bytes for Chunk::new
# Possible reasons:
#   The system is out of physical RAM or swap space
#   The process is running with CompressedOops enabled, and the Java Heap may be blocking the growth of the native heap
# Possible solutions:
#   Reduce memory load on the system
#   Increase physical memory or swap space
#   Check if swap backing store is full
#   Decrease Java heap size (-Xmx/-Xms)
#   Decrease number of Java threads
#   Decrease Java thread stack sizes (-Xss)
#   Set larger code cache with -XX:ReservedCodeCacheSize=
#   JVM is running with Unscaled Compressed Oops mode in which the Java heap is
#     placed in the first 4GB address space. The Java Heap base address is the
#     maximum limit for the native heap growth. Please use -XX:HeapBaseMinAddress
#     to set the Java Heap base and to place the Java Heap above 4GB virtual address.
# This output file may be truncated or incomplete.
#
#  Out of Memory Error (arena.cpp:184), pid=13920, tid=20392
#
# JRE version: Java(TM) SE Runtime Environment (19.0.1+10) (build 19.0.1+10-21)
# Java VM: Java HotSpot(TM) 64-Bit Server VM (19.0.1+10-21, mixed mode, sharing, tiered, compressed oops, compressed class ptrs, g1 gc, windows-amd64)
# No core dump will be written. Minidumps are not enabled by default on client versions of Windows
#

---------------  S U M M A R Y ------------

Command Line: -agentlib:jdwp=transport=dt_socket,address=127.0.0.1:59189,suspend=y,server=n -javaagent:C:\Users\HP\AppData\Local\JetBrains\IdeaIC2023.2\captureAgent\debugger-agent.jar=file:/C:/Users/HP/AppData/Local/Temp/capture.props -Dfile.encoding=UTF-8 -Dsun.stdout.encoding=UTF-8 -Dsun.stderr.encoding=UTF-8 com.GlamourByNora.api.ApiApplication

Host: Intel(R) Pentium(R) CPU 6405U @ 2.40GHz, 4 cores, 3G,  Windows 11 , 64 bit Build 22621 (10.0.22621.3085)
Time: Sun Apr 14 00:51:05 2024 W. Central Africa Standard Time elapsed time: 6.686237 seconds (0d 0h 0m 6s)

---------------  T H R E A D  ---------------

Current thread (0x0000021460073150):  JavaThread "C1 CompilerThread0" daemon [_thread_in_native, id=20392, stack(0x000000166f900000,0x000000166fa00000)]


Current CompileTask:
C1:   6686  831       3       java.net.URLStreamHandler::parseURL (1124 bytes)

Stack: [0x000000166f900000,0x000000166fa00000]
Native frames: (J=compiled Java code, j=interpreted, Vv=VM code, C=native code)
V  [jvm.dll+0x6ee8fa]
V  [jvm.dll+0x857a1e]
V  [jvm.dll+0x85940e]
V  [jvm.dll+0x859ac3]
V  [jvm.dll+0x28291f]
V  [jvm.dll+0xc9b5f]
V  [jvm.dll+0xc9ee5]
V  [jvm.dll+0x1a3823]
V  [jvm.dll+0x1a38ed]
V  [jvm.dll+0x1a60e4]
V  [jvm.dll+0x1a7c41]
V  [jvm.dll+0x161743]
V  [jvm.dll+0x161022]
V  [jvm.dll+0x161278]
V  [jvm.dll+0x1606d6]
V  [jvm.dll+0x1623cd]
V  [jvm.dll+0x25b0fa]
V  [jvm.dll+0x259588]
V  [jvm.dll+0x807928]
V  [jvm.dll+0x8015fa]
V  [jvm.dll+0x6ed5eb]
C  [ucrtbase.dll+0x29363]
C  [KERNEL32.DLL+0x1257d]
C  [ntdll.dll+0x5aa58]


---------------  P R O C E S S  ---------------

Threads class SMR info:
_java_thread_list=0x00000214645b0df0, length=15, elements={
0x0000021444847980, 0x00000214600615a0, 0x0000021460066db0, 0x000002146006b7e0,
0x000002146006d120, 0x000002146006fe60, 0x0000021460070d60, 0x0000021460071d00,
0x0000021460073150, 0x00000214600f6530, 0x0000021460036d00, 0x00000214645db190,
0x00000214644dc6f0, 0x00000214644dcc40, 0x00000214645b21c0
}

Java Threads: ( => current thread )
  0x0000021444847980 JavaThread "main" [_thread_in_vm, id=8500, stack(0x000000166eb00000,0x000000166ec00000)]
  0x00000214600615a0 JavaThread "Reference Handler" daemon [_thread_blocked, id=14868, stack(0x000000166f200000,0x000000166f300000)]
  0x0000021460066db0 JavaThread "Finalizer" daemon [_thread_blocked, id=17720, stack(0x000000166f300000,0x000000166f400000)]
  0x000002146006b7e0 JavaThread "Signal Dispatcher" daemon [_thread_blocked, id=22488, stack(0x000000166f400000,0x000000166f500000)]
  0x000002146006d120 JavaThread "Attach Listener" daemon [_thread_blocked, id=1256, stack(0x000000166f500000,0x000000166f600000)]
  0x000002146006fe60 JavaThread "Service Thread" daemon [_thread_blocked, id=15980, stack(0x000000166f600000,0x000000166f700000)]
  0x0000021460070d60 JavaThread "Monitor Deflation Thread" daemon [_thread_blocked, id=20796, stack(0x000000166f700000,0x000000166f800000)]
  0x0000021460071d00 JavaThread "C2 CompilerThread0" daemon [_thread_in_native, id=2880, stack(0x000000166f800000,0x000000166f900000)]
=>0x0000021460073150 JavaThread "C1 CompilerThread0" daemon [_thread_in_native, id=20392, stack(0x000000166f900000,0x000000166fa00000)]
  0x00000214600f6530 JavaThread "Sweeper thread" daemon [_thread_blocked, id=4440, stack(0x000000166fa00000,0x000000166fb00000)]
  0x0000021460036d00 JavaThread "Common-Cleaner" daemon [_thread_blocked, id=6464, stack(0x000000166fb00000,0x000000166fc00000)]
  0x00000214645db190 JavaThread "JDWP Transport Listener: dt_socket" daemon [_thread_blocked, id=3856, stack(0x000000166fc00000,0x000000166fd00000)]
  0x00000214644dc6f0 JavaThread "JDWP Event Helper Thread" daemon [_thread_blocked, id=17132, stack(0x000000166fd00000,0x000000166fe00000)]
  0x00000214644dcc40 JavaThread "JDWP Command Reader" daemon [_thread_in_native, id=19284, stack(0x000000166fe00000,0x000000166ff00000)]
  0x00000214645b21c0 JavaThread "Notification Thread" daemon [_thread_blocked, id=6328, stack(0x000000166ff00000,0x0000001670000000)]

Other Threads:
  0x00000214600483e0 VMThread "VM Thread" [stack: 0x000000166f100000,0x000000166f200000] [id=19924]
  0x00000214645b3320 WatcherThread "VM Periodic Task Thread" [stack: 0x0000001670000000,0x0000001670100000] [id=12900]
  0x0000021444886230 WorkerThread "GC Thread#0" [stack: 0x000000166ec00000,0x000000166ed00000] [id=19836]
  0x0000021464b389d0 WorkerThread "GC Thread#1" [stack: 0x0000001670100000,0x0000001670200000] [id=2092]
  0x0000021464b54260 WorkerThread "GC Thread#2" [stack: 0x0000001670200000,0x0000001670300000] [id=14252]
  0x0000021464b54530 WorkerThread "GC Thread#3" [stack: 0x0000001670300000,0x0000001670400000] [id=12916]
  0x000002144488f220 ConcurrentGCThread "G1 Main Marker" [stack: 0x000000166ed00000,0x000000166ee00000] [id=21540]
  0x00000214448904a0 WorkerThread "G1 Conc#0" [stack: 0x000000166ee00000,0x000000166ef00000] [id=21408]
  0x00000214448e59b0 ConcurrentGCThread "G1 Refine#0" [stack: 0x000000166ef00000,0x000000166f000000] [id=12436]
  0x00000214448e6810 ConcurrentGCThread "G1 Service" [stack: 0x000000166f000000,0x000000166f100000] [id=18812]

Threads with active compile tasks:
C2 CompilerThread0     6795  838  s!   4       jdk.internal.loader.URLClassPath::getLoader (194 bytes)
C1 CompilerThread0     6795  831       3       java.net.URLStreamHandler::parseURL (1124 bytes)

VM state: not at safepoint (normal execution)

VM Mutex/Monitor currently owned by a thread: None

Heap address: 0x00000000c3000000, size: 976 MB, Compressed Oops mode: 32-bit

CDS archive(s) mapped at: [0x0000000800000000-0x0000000800c40000-0x0000000800c40000), size 12845056, SharedBaseAddress: 0x0000000800000000, ArchiveRelocationMode: 0.
Compressed class space mapped at: 0x0000000801000000-0x0000000841000000, reserved size: 1073741824
Narrow klass base: 0x0000000800000000, Narrow klass shift: 0, Narrow klass range: 0x100000000

GC Precious Log:
 CardTable entry size: 512
 Card Set container configuration: InlinePtr #cards 5 size 8 Array Of Cards #cards 12 size 40 Howl #buckets 4 coarsen threshold 1843 Howl Bitmap #cards 512 size 80 coarsen threshold 460 Card regions per heap region 1 cards per card region 2048
 CPUs: 4 total, 4 available
 Memory: 3900M
 Large Page Support: Disabled
 NUMA Support: Disabled
 Compressed Oops: Enabled (32-bit)
 Heap Region Size: 1M
 Heap Min Capacity: 8M
 Heap Initial Capacity: 62M
 Heap Max Capacity: 976M
 Pre-touch: Disabled
 Parallel Workers: 4
 Concurrent Workers: 1
 Concurrent Refinement Workers: 4
 Periodic GC: Disabled

Heap:
 garbage-first heap   total 63488K, used 11690K [0x00000000c3000000, 0x0000000100000000)
  region size 1024K, 8 young (8192K), 2 survivors (2048K)
 Metaspace       used 3669K, committed 3840K, reserved 1114112K
  class space    used 374K, committed 448K, reserved 1048576K

Heap Regions: E=young(eden), S=young(survivor), O=old, HS=humongous(starts), HC=humongous(continues), CS=collection set, F=free, OA=open archive, CA=closed archive, TAMS=top-at-mark-start (previous, next)
|   0|0x00000000c3000000, 0x00000000c3100000, 0x00000000c3100000|100%|HS|  |TAMS 0x00000000c3000000, 0x00000000c3000000| Complete 
|   1|0x00000000c3100000, 0x00000000c3200000, 0x00000000c3200000|100%| O|  |TAMS 0x00000000c3100000, 0x00000000c3100000| Untracked 
|   2|0x00000000c3200000, 0x00000000c3300000, 0x00000000c3300000|100%| O|  |TAMS 0x00000000c3200000, 0x00000000c3200000| Untracked 
|   3|0x00000000c3300000, 0x00000000c3400000, 0x00000000c3400000|100%| O|  |TAMS 0x00000000c3300000, 0x00000000c3300000| Untracked 
|   4|0x00000000c3400000, 0x00000000c346a800, 0x00000000c3500000| 41%| O|  |TAMS 0x00000000c3400000, 0x00000000c3400000| Untracked 
|   5|0x00000000c3500000, 0x00000000c3500000, 0x00000000c3600000|  0%| F|  |TAMS 0x00000000c3500000, 0x00000000c3500000| Untracked 
|   6|0x00000000c3600000, 0x00000000c3600000, 0x00000000c3700000|  0%| F|  |TAMS 0x00000000c3600000, 0x00000000c3600000| Untracked 
|   7|0x00000000c3700000, 0x00000000c3700000, 0x00000000c3800000|  0%| F|  |TAMS 0x00000000c3700000, 0x00000000c3700000| Untracked 
|   8|0x00000000c3800000, 0x00000000c3800000, 0x00000000c3900000|  0%| F|  |TAMS 0x00000000c3800000, 0x00000000c3800000| Untracked 
|   9|0x00000000c3900000, 0x00000000c3900000, 0x00000000c3a00000|  0%| F|  |TAMS 0x00000000c3900000, 0x00000000c3900000| Untracked 
|  10|0x00000000c3a00000, 0x00000000c3a00000, 0x00000000c3b00000|  0%| F|  |TAMS 0x00000000c3a00000, 0x00000000c3a00000| Untracked 
|  11|0x00000000c3b00000, 0x00000000c3b00000, 0x00000000c3c00000|  0%| F|  |TAMS 0x00000000c3b00000, 0x00000000c3b00000| Untracked 
|  12|0x00000000c3c00000, 0x00000000c3c00000, 0x00000000c3d00000|  0%| F|  |TAMS 0x00000000c3c00000, 0x00000000c3c00000| Untracked 
|  13|0x00000000c3d00000, 0x00000000c3d00000, 0x00000000c3e00000|  0%| F|  |TAMS 0x00000000c3d00000, 0x00000000c3d00000| Untracked 
|  14|0x00000000c3e00000, 0x00000000c3e00000, 0x00000000c3f00000|  0%| F|  |TAMS 0x00000000c3e00000, 0x00000000c3e00000| Untracked 
|  15|0x00000000c3f00000, 0x00000000c3f00000, 0x00000000c4000000|  0%| F|  |TAMS 0x00000000c3f00000, 0x00000000c3f00000| Untracked 
|  16|0x00000000c4000000, 0x00000000c4000000, 0x00000000c4100000|  0%| F|  |TAMS 0x00000000c4000000, 0x00000000c4000000| Untracked 
|  17|0x00000000c4100000, 0x00000000c4100000, 0x00000000c4200000|  0%| F|  |TAMS 0x00000000c4100000, 0x00000000c4100000| Untracked 
|  18|0x00000000c4200000, 0x00000000c4200000, 0x00000000c4300000|  0%| F|  |TAMS 0x00000000c4200000, 0x00000000c4200000| Untracked 
|  19|0x00000000c4300000, 0x00000000c4300000, 0x00000000c4400000|  0%| F|  |TAMS 0x00000000c4300000, 0x00000000c4300000| Untracked 
|  20|0x00000000c4400000, 0x00000000c4400000, 0x00000000c4500000|  0%| F|  |TAMS 0x00000000c4400000, 0x00000000c4400000| Untracked 
|  21|0x00000000c4500000, 0x00000000c4500000, 0x00000000c4600000|  0%| F|  |TAMS 0x00000000c4500000, 0x00000000c4500000| Untracked 
|  22|0x00000000c4600000, 0x00000000c4600000, 0x00000000c4700000|  0%| F|  |TAMS 0x00000000c4600000, 0x00000000c4600000| Untracked 
|  23|0x00000000c4700000, 0x00000000c4700000, 0x00000000c4800000|  0%| F|  |TAMS 0x00000000c4700000, 0x00000000c4700000| Untracked 
|  24|0x00000000c4800000, 0x00000000c4800000, 0x00000000c4900000|  0%| F|  |TAMS 0x00000000c4800000, 0x00000000c4800000| Untracked 
|  25|0x00000000c4900000, 0x00000000c4900000, 0x00000000c4a00000|  0%| F|  |TAMS 0x00000000c4900000, 0x00000000c4900000| Untracked 
|  26|0x00000000c4a00000, 0x00000000c4a00000, 0x00000000c4b00000|  0%| F|  |TAMS 0x00000000c4a00000, 0x00000000c4a00000| Untracked 
|  27|0x00000000c4b00000, 0x00000000c4b00000, 0x00000000c4c00000|  0%| F|  |TAMS 0x00000000c4b00000, 0x00000000c4b00000| Untracked 
|  28|0x00000000c4c00000, 0x00000000c4c00000, 0x00000000c4d00000|  0%| F|  |TAMS 0x00000000c4c00000, 0x00000000c4c00000| Untracked 
|  29|0x00000000c4d00000, 0x00000000c4d00000, 0x00000000c4e00000|  0%| F|  |TAMS 0x00000000c4d00000, 0x00000000c4d00000| Untracked 
|  30|0x00000000c4e00000, 0x00000000c4e00000, 0x00000000c4f00000|  0%| F|  |TAMS 0x00000000c4e00000, 0x00000000c4e00000| Untracked 
|  31|0x00000000c4f00000, 0x00000000c4f00000, 0x00000000c5000000|  0%| F|  |TAMS 0x00000000c4f00000, 0x00000000c4f00000| Untracked 
|  32|0x00000000c5000000, 0x00000000c5000000, 0x00000000c5100000|  0%| F|  |TAMS 0x00000000c5000000, 0x00000000c5000000| Untracked 
|  33|0x00000000c5100000, 0x00000000c5100000, 0x00000000c5200000|  0%| F|  |TAMS 0x00000000c5100000, 0x00000000c5100000| Untracked 
|  34|0x00000000c5200000, 0x00000000c5200000, 0x00000000c5300000|  0%| F|  |TAMS 0x00000000c5200000, 0x00000000c5200000| Untracked 
|  35|0x00000000c5300000, 0x00000000c5300000, 0x00000000c5400000|  0%| F|  |TAMS 0x00000000c5300000, 0x00000000c5300000| Untracked 
|  36|0x00000000c5400000, 0x00000000c5400000, 0x00000000c5500000|  0%| F|  |TAMS 0x00000000c5400000, 0x00000000c5400000| Untracked 
|  37|0x00000000c5500000, 0x00000000c5500000, 0x00000000c5600000|  0%| F|  |TAMS 0x00000000c5500000, 0x00000000c5500000| Untracked 
|  38|0x00000000c5600000, 0x00000000c5600000, 0x00000000c5700000|  0%| F|  |TAMS 0x00000000c5600000, 0x00000000c5600000| Untracked 
|  39|0x00000000c5700000, 0x00000000c5700000, 0x00000000c5800000|  0%| F|  |TAMS 0x00000000c5700000, 0x00000000c5700000| Untracked 
|  40|0x00000000c5800000, 0x00000000c5800000, 0x00000000c5900000|  0%| F|  |TAMS 0x00000000c5800000, 0x00000000c5800000| Untracked 
|  41|0x00000000c5900000, 0x00000000c5900000, 0x00000000c5a00000|  0%| F|  |TAMS 0x00000000c5900000, 0x00000000c5900000| Untracked 
|  42|0x00000000c5a00000, 0x00000000c5a00000, 0x00000000c5b00000|  0%| F|  |TAMS 0x00000000c5a00000, 0x00000000c5a00000| Untracked 
|  43|0x00000000c5b00000, 0x00000000c5b00000, 0x00000000c5c00000|  0%| F|  |TAMS 0x00000000c5b00000, 0x00000000c5b00000| Untracked 
|  44|0x00000000c5c00000, 0x00000000c5c00000, 0x00000000c5d00000|  0%| F|  |TAMS 0x00000000c5c00000, 0x00000000c5c00000| Untracked 
|  45|0x00000000c5d00000, 0x00000000c5d00000, 0x00000000c5e00000|  0%| F|  |TAMS 0x00000000c5d00000, 0x00000000c5d00000| Untracked 
|  46|0x00000000c5e00000, 0x00000000c5e00000, 0x00000000c5f00000|  0%| F|  |TAMS 0x00000000c5e00000, 0x00000000c5e00000| Untracked 
|  47|0x00000000c5f00000, 0x00000000c6000000, 0x00000000c6000000|100%| S|CS|TAMS 0x00000000c5f00000, 0x00000000c5f00000| Complete 
|  48|0x00000000c6000000, 0x00000000c6100000, 0x00000000c6100000|100%| S|CS|TAMS 0x00000000c6000000, 0x00000000c6000000| Complete 
|  49|0x00000000c6100000, 0x00000000c6100000, 0x00000000c6200000|  0%| F|  |TAMS 0x00000000c6100000, 0x00000000c6100000| Untracked 
|  50|0x00000000c6200000, 0x00000000c6200000, 0x00000000c6300000|  0%| F|  |TAMS 0x00000000c6200000, 0x00000000c6200000| Untracked 
|  51|0x00000000c6300000, 0x00000000c6300000, 0x00000000c6400000|  0%| F|  |TAMS 0x00000000c6300000, 0x00000000c6300000| Untracked 
|  52|0x00000000c6400000, 0x00000000c6400000, 0x00000000c6500000|  0%| F|  |TAMS 0x00000000c6400000, 0x00000000c6400000| Untracked 
|  53|0x00000000c6500000, 0x00000000c6500000, 0x00000000c6600000|  0%| F|  |TAMS 0x00000000c6500000, 0x00000000c6500000| Untracked 
|  54|0x00000000c6600000, 0x00000000c6600000, 0x00000000c6700000|  0%| F|  |TAMS 0x00000000c6600000, 0x00000000c6600000| Untracked 
|  55|0x00000000c6700000, 0x00000000c6700000, 0x00000000c6800000|  0%| F|  |TAMS 0x00000000c6700000, 0x00000000c6700000| Untracked 
|  56|0x00000000c6800000, 0x00000000c68acaf0, 0x00000000c6900000| 67%| E|  |TAMS 0x00000000c6800000, 0x00000000c6800000| Complete 
|  57|0x00000000c6900000, 0x00000000c6a00000, 0x00000000c6a00000|100%| E|CS|TAMS 0x00000000c6900000, 0x00000000c6900000| Complete 
|  58|0x00000000c6a00000, 0x00000000c6b00000, 0x00000000c6b00000|100%| E|CS|TAMS 0x00000000c6a00000, 0x00000000c6a00000| Complete 
|  59|0x00000000c6b00000, 0x00000000c6c00000, 0x00000000c6c00000|100%| E|CS|TAMS 0x00000000c6b00000, 0x00000000c6b00000| Complete 
|  60|0x00000000c6c00000, 0x00000000c6d00000, 0x00000000c6d00000|100%| E|CS|TAMS 0x00000000c6c00000, 0x00000000c6c00000| Complete 
|  61|0x00000000c6d00000, 0x00000000c6e00000, 0x00000000c6e00000|100%| E|CS|TAMS 0x00000000c6d00000, 0x00000000c6d00000| Complete 

Card table byte_map: [0x000002145b980000,0x000002145bb70000] _byte_map_base: 0x000002145b368000

Marking Bits (Prev, Next): (CMBitMap*) 0x0000021444886670, (CMBitMap*) 0x00000214448866b0
 Prev Bits: [0x000002145bd60000, 0x000002145cca0000)
 Next Bits: [0x000002145cca0000, 0x000002145dbe0000)

Polling page: 0x00000214426c0000

Metaspace:

Usage:
  Non-class:      3.22 MB used.
      Class:    376.12 KB used.
       Both:      3.59 MB used.

Virtual space:
  Non-class space:       64.00 MB reserved,       3.31 MB (  5%) committed,  1 nodes.
      Class space:        1.00 GB reserved,     448.00 KB ( <1%) committed,  1 nodes.
             Both:        1.06 GB reserved,       3.75 MB ( <1%) committed. 

Chunk freelists:
   Non-Class:  2.66 MB
       Class:  3.53 MB
        Both:  6.19 MB

MaxMetaspaceSize: unlimited
CompressedClassSpaceSize: 1.00 GB
Initial GC threshold: 21.00 MB
Current GC threshold: 21.00 MB
CDS: on
MetaspaceReclaimPolicy: balanced
 - commit_granule_bytes: 65536.
 - commit_granule_words: 8192.
 - virtual_space_node_default_size: 8388608.
 - enlarge_chunks_in_place: 1.
 - new_chunks_are_fully_committed: 0.
 - uncommit_free_chunks: 1.
 - use_allocation_guard: 0.


Internal statistics:

num_allocs_failed_limit: 0.
num_arena_births: 104.
num_arena_deaths: 0.
num_vsnodes_births: 2.
num_vsnodes_deaths: 0.
num_space_committed: 60.
num_space_uncommitted: 0.
num_chunks_returned_to_freelist: 0.
num_chunks_taken_from_freelist: 177.
num_chunk_merges: 0.
num_chunk_splits: 122.
num_chunks_enlarged: 88.
num_inconsistent_stats: 0.

CodeHeap 'non-profiled nmethods': size=120000Kb used=294Kb max_used=294Kb free=119705Kb
 bounds [0x0000021454260000, 0x00000214544d0000, 0x000002145b790000]
CodeHeap 'profiled nmethods': size=120000Kb used=1387Kb max_used=1387Kb free=118612Kb
 bounds [0x000002144c790000, 0x000002144ca00000, 0x0000021453cc0000]
CodeHeap 'non-nmethods': size=5760Kb used=1303Kb max_used=1321Kb free=4456Kb
 bounds [0x0000021453cc0000, 0x0000021453f30000, 0x0000021454260000]
 total_blobs=1278 nmethods=831 adapters=359
 compilation: enabled
              stopped_count=0, restarted_count=0
 full_count=0

Compilation events (20 events):
Event: 6.613 Thread 0x0000021460071d00  821       4       java.util.zip.ZipCoder::hash (36 bytes)
Event: 6.614 Thread 0x0000021460073150  822       3       java.util.concurrent.ConcurrentHashMap$Node::<init> (14 bytes)
Event: 6.614 Thread 0x0000021460073150 nmethod 822 0x000002144c8e9110 code [0x000002144c8e92c0, 0x000002144c8e95b8]
Event: 6.618 Thread 0x0000021460071d00 nmethod 821 0x00000214542a5790 code [0x00000214542a5940, 0x00000214542a5bd8]
Event: 6.621 Thread 0x0000021460071d00  823   !   4       java.util.zip.ZipFile$Source::getEntryPos (195 bytes)
Event: 6.621 Thread 0x0000021460073150  825       3       java.lang.ref.SoftReference::get (29 bytes)
Event: 6.622 Thread 0x0000021460073150 nmethod 825 0x000002144c8e9690 code [0x000002144c8e9840, 0x000002144c8e9a18]
Event: 6.630 Thread 0x0000021460073150  826       3       jdk.internal.org.objectweb.asm.ClassReader::readUnsignedShort (26 bytes)
Event: 6.631 Thread 0x0000021460073150 nmethod 826 0x000002144c8e9a90 code [0x000002144c8e9c40, 0x000002144c8e9db8]
Event: 6.631 Thread 0x0000021460073150  827       1       java.lang.invoke.DirectMethodHandle::internalMemberName (5 bytes)
Event: 6.631 Thread 0x0000021460073150 nmethod 827 0x00000214542a5e90 code [0x00000214542a6020, 0x00000214542a60d8]
Event: 6.643 Thread 0x0000021460071d00 nmethod 823 0x00000214542a6190 code [0x00000214542a63a0, 0x00000214542a6ba0]
Event: 6.644 Thread 0x0000021460071d00  824   !   4       java.util.zip.ZipFile::getEntry (59 bytes)
Event: 6.648 Thread 0x0000021460073150  828       3       sun.invoke.util.BytecodeDescriptor::unparseSig (49 bytes)
Event: 6.649 Thread 0x0000021460073150 nmethod 828 0x000002144c8e9e90 code [0x000002144c8ea0a0, 0x000002144c8ea508]
Event: 6.649 Thread 0x0000021460073150  829       3       sun.invoke.util.Wrapper::forBasicType (103 bytes)
Event: 6.649 Thread 0x0000021460073150 nmethod 829 0x000002144c8ea790 code [0x000002144c8ea9a0, 0x000002144c8eaeb8]
Event: 6.649 Thread 0x0000021460073150  831       3       java.net.URLStreamHandler::parseURL (1124 bytes)
Event: 6.676 Thread 0x0000021460071d00 nmethod 824 0x00000214542a7490 code [0x00000214542a76a0, 0x00000214542a8330]
Event: 6.677 Thread 0x0000021460071d00  834       4       java.util.HashMap::getNode (150 bytes)

GC Heap History (2 events):
Event: 6.271 GC heap before
{Heap before GC invocations=0 (full 0):
 garbage-first heap   total 63488K, used 13312K [0x00000000c3000000, 0x0000000100000000)
  region size 1024K, 13 young (13312K), 0 survivors (0K)
 Metaspace       used 2345K, committed 2496K, reserved 1114112K
  class space    used 193K, committed 256K, reserved 1048576K
}
Event: 6.281 GC heap after
{Heap after GC invocations=1 (full 0):
 garbage-first heap   total 63488K, used 6570K [0x00000000c3000000, 0x0000000100000000)
  region size 1024K, 2 young (2048K), 2 survivors (2048K)
 Metaspace       used 2345K, committed 2496K, reserved 1114112K
  class space    used 193K, committed 256K, reserved 1048576K
}

Dll operation events (8 events):
Event: 1.030 Loaded shared library C:\Program Files\Java\jdk-19\bin\java.dll
Event: 1.034 Loaded shared library C:\Program Files\Java\jdk-19\bin\zip.dll
Event: 1.060 Loaded shared library C:\Program Files\Java\jdk-19\bin\jsvml.dll
Event: 4.459 Loaded shared library C:\Program Files\Java\jdk-19\bin\instrument.dll
Event: 5.071 Loaded shared library C:\Program Files\Java\jdk-19\bin\net.dll
Event: 5.083 Loaded shared library C:\Program Files\Java\jdk-19\bin\nio.dll
Event: 5.156 Loaded shared library C:\Program Files\Java\jdk-19\bin\zip.dll
Event: 5.721 Loaded shared library C:\Program Files\Java\jdk-19\bin\jimage.dll

Deoptimization events (20 events):
Event: 5.952 Thread 0x0000021444847980 DEOPT PACKING pc=0x000002144c7e8311 sp=0x000000166ebf9c40
Event: 5.952 Thread 0x0000021444847980 DEOPT UNPACKING pc=0x0000021453d27524 sp=0x000000166ebf9148 mode 0
Event: 6.190 Thread 0x0000021444847980 Uncommon trap: trap_request=0xffffff45 fr.pc=0x000002145426f264 relative=0x0000000000000944
Event: 6.190 Thread 0x0000021444847980 Uncommon trap: reason=unstable_if action=reinterpret pc=0x000002145426f264 method=java.util.HashMap.putVal(ILjava/lang/Object;Ljava/lang/Object;ZZ)Ljava/lang/Object; @ 69 c2
Event: 6.190 Thread 0x0000021444847980 DEOPT PACKING pc=0x000002145426f264 sp=0x000000166ebfcb10
Event: 6.190 Thread 0x0000021444847980 DEOPT UNPACKING pc=0x0000021453d26d9d sp=0x000000166ebfcad0 mode 2
Event: 6.476 Thread 0x0000021444847980 DEOPT PACKING pc=0x000002144c8377b2 sp=0x000000166ebfd450
Event: 6.476 Thread 0x0000021444847980 DEOPT UNPACKING pc=0x0000021453d27524 sp=0x000000166ebfc8e8 mode 0
Event: 6.513 Thread 0x0000021444847980 DEOPT PACKING pc=0x000002144c8cc2e1 sp=0x000000166ebfea00
Event: 6.513 Thread 0x0000021444847980 DEOPT UNPACKING pc=0x0000021453d27524 sp=0x000000166ebfde58 mode 1
Event: 6.513 Thread 0x0000021444847980 DEOPT PACKING pc=0x000002144c8cbc5c sp=0x000000166ebfea90
Event: 6.513 Thread 0x0000021444847980 DEOPT UNPACKING pc=0x0000021453d27524 sp=0x000000166ebfdf38 mode 1
Event: 6.637 Thread 0x0000021444847980 DEOPT PACKING pc=0x000002144c8cc2e1 sp=0x000000166ebfdb90
Event: 6.637 Thread 0x0000021444847980 DEOPT UNPACKING pc=0x0000021453d27524 sp=0x000000166ebfcfe8 mode 1
Event: 6.637 Thread 0x0000021444847980 DEOPT PACKING pc=0x000002144c8cbc5c sp=0x000000166ebfdc20
Event: 6.637 Thread 0x0000021444847980 DEOPT UNPACKING pc=0x0000021453d27524 sp=0x000000166ebfd0c8 mode 1
Event: 6.637 Thread 0x0000021444847980 DEOPT PACKING pc=0x000002144c8cc2e1 sp=0x000000166ebfdb20
Event: 6.637 Thread 0x0000021444847980 DEOPT UNPACKING pc=0x0000021453d27524 sp=0x000000166ebfcf78 mode 1
Event: 6.637 Thread 0x0000021444847980 DEOPT PACKING pc=0x000002144c8cbc5c sp=0x000000166ebfdbb0
Event: 6.637 Thread 0x0000021444847980 DEOPT UNPACKING pc=0x0000021453d27524 sp=0x000000166ebfd058 mode 1

Classes loaded (20 events):
Event: 6.667 Loading class org/springframework/core/env/MapPropertySource
Event: 6.667 Loading class org/springframework/core/env/MapPropertySource done
Event: 6.668 Loading class org/springframework/boot/autoconfigure/SharedMetadataReaderFactoryContextInitializer
Event: 6.668 Loading class org/springframework/boot/autoconfigure/SharedMetadataReaderFactoryContextInitializer done
Event: 6.670 Loading class org/springframework/beans/factory/aot/BeanRegistrationExcludeFilter
Event: 6.670 Loading class org/springframework/beans/factory/aot/BeanRegistrationExcludeFilter done
Event: 6.672 Loading class org/springframework/boot/autoconfigure/logging/ConditionEvaluationReportLoggingListener
Event: 6.672 Loading class org/springframework/boot/autoconfigure/logging/ConditionEvaluationReportLoggingListener done
Event: 6.673 Loading class org/springframework/boot/logging/LogLevel
Event: 6.673 Loading class org/springframework/boot/logging/LogLevel done
Event: 6.676 Loading class org/springframework/boot/logging/LogLevel$LogMethod
Event: 6.676 Loading class org/springframework/boot/logging/LogLevel$LogMethod done
Event: 6.676 Loading class org/springframework/boot/logging/LogLevel$LogMethod
Event: 6.676 Loading class org/springframework/boot/logging/LogLevel$LogMethod done
Event: 6.677 Loading class org/apache/commons/logging/Log
Event: 6.677 Loading class org/apache/commons/logging/Log done
Event: 6.681 Loading class org/springframework/boot/logging/LogLevel$LogMethod
Event: 6.681 Loading class org/springframework/boot/logging/LogLevel$LogMethod done
Event: 6.682 Loading class org/springframework/boot/logging/LogLevel$LogMethod
Event: 6.682 Loading class org/springframework/boot/logging/LogLevel$LogMethod done

Classes unloaded (0 events):
No events

Classes redefined (0 events):
No events

Internal exceptions (9 events):
Event: 4.513 Thread 0x0000021444847980 Exception <a 'java/lang/NoSuchMethodError'{0x00000000c6b555b0}: 'void java.lang.invoke.DirectMethodHandle$Holder.invokeStatic(java.lang.Object, java.lang.Object, java.lang.Object)'> (0x00000000c6b555b0) 
thrown [s\open\src\hotspot\share\interpreter\linkResolver.cpp, line 774]
Event: 4.598 Thread 0x0000021444847980 Exception <a 'java/lang/NoSuchMethodError'{0x00000000c6b6dba8}: 'java.lang.Object java.lang.invoke.Invokers$Holder.invokeExact_MT(java.lang.Object, java.lang.Object, java.lang.Object, java.lang.Object, java.lang.Object)'> (0x00000000c6b6dba8) 
thrown [s\open\src\hotspot\share\interpreter\linkResolver.cpp, line 774]
Event: 6.097 Thread 0x0000021444847980 Exception <a 'java/lang/NoSuchMethodError'{0x00000000c62ec0e8}: 'java.lang.Object java.lang.invoke.DirectMethodHandle$Holder.invokeSpecial(java.lang.Object, java.lang.Object, java.lang.Object, long, java.lang.Object)'> (0x00000000c62ec0e8) 
thrown [s\open\src\hotspot\share\interpreter\linkResolver.cpp, line 774]
Event: 6.097 Thread 0x0000021444847980 Exception <a 'java/lang/NoSuchMethodError'{0x00000000c62efcc8}: 'java.lang.Object java.lang.invoke.Invokers$Holder.linkToTargetMethod(java.lang.Object, long, java.lang.Object, java.lang.Object)'> (0x00000000c62efcc8) 
thrown [s\open\src\hotspot\share\interpreter\linkResolver.cpp, line 774]
Event: 6.203 Thread 0x0000021444847980 Exception <a 'java/lang/ClassNotFoundException'{0x00000000c6186600}: javax/smartcardio/CardPermission> (0x00000000c6186600) 
thrown [s\open\src\hotspot\share\classfile\systemDictionary.cpp, line 255]
Event: 6.215 Thread 0x0000021444847980 Exception <a 'java/io/FileNotFoundException'{0x00000000c6197348}> (0x00000000c6197348) 
thrown [s\open\src\hotspot\share\prims\jni.cpp, line 517]
Event: 6.531 Thread 0x0000021444847980 Exception <a 'java/lang/NoSuchMethodError'{0x00000000c6bcbb98}: 'void java.lang.invoke.DirectMethodHandle$Holder.invokeStatic(java.lang.Object, java.lang.Object, java.lang.Object, java.lang.Object)'> (0x00000000c6bcbb98) 
thrown [s\open\src\hotspot\share\interpreter\linkResolver.cpp, line 774]
Event: 6.647 Thread 0x0000021444847980 Exception <a 'java/lang/NoSuchMethodError'{0x00000000c692b800}: 'int java.lang.invoke.DirectMethodHandle$Holder.invokeStaticInit(java.lang.Object, java.lang.Object)'> (0x00000000c692b800) 
thrown [s\open\src\hotspot\share\interpreter\linkResolver.cpp, line 774]
Event: 6.678 Thread 0x0000021444847980 Exception <a 'java/lang/NoSuchMethodError'{0x00000000c69704d8}: 'void java.lang.invoke.DirectMethodHandle$Holder.invokeInterface(java.lang.Object, java.lang.Object, java.lang.Object, java.lang.Object)'> (0x00000000c69704d8) 
thrown [s\open\src\hotspot\share\interpreter\linkResolver.cpp, line 774]

VM Operations (18 events):
Event: 1.469 Executing VM operation: HandshakeAllThreads
Event: 1.469 Executing VM operation: HandshakeAllThreads done
Event: 1.574 Executing VM operation: ChangeBreakpoints
Event: 1.576 Executing VM operation: ChangeBreakpoints done
Event: 4.362 Executing VM operation: ChangeBreakpoints
Event: 4.362 Executing VM operation: ChangeBreakpoints done
Event: 4.368 Executing VM operation: ChangeBreakpoints
Event: 4.368 Executing VM operation: ChangeBreakpoints done
Event: 5.371 Executing VM operation: Cleanup
Event: 5.372 Executing VM operation: Cleanup done
Event: 5.902 Executing VM operation: HandshakeAllThreads
Event: 5.902 Executing VM operation: HandshakeAllThreads done
Event: 6.270 Executing VM operation: G1CollectForAllocation
Event: 6.282 Executing VM operation: G1CollectForAllocation done
Event: 6.283 Executing VM operation: HandshakeAllThreads
Event: 6.283 Executing VM operation: HandshakeAllThreads done
Event: 6.491 Executing VM operation: HandshakeAllThreads
Event: 6.491 Executing VM operation: HandshakeAllThreads done

Events (15 events):
Event: 1.061 Thread 0x0000021444847980 Thread added: 0x0000021444847980
Event: 1.089 Thread 0x00000214600615a0 Thread added: 0x00000214600615a0
Event: 1.089 Thread 0x0000021460066db0 Thread added: 0x0000021460066db0
Event: 1.090 Thread 0x000002146006b7e0 Thread added: 0x000002146006b7e0
Event: 1.090 Thread 0x000002146006d120 Thread added: 0x000002146006d120
Event: 1.091 Thread 0x000002146006fe60 Thread added: 0x000002146006fe60
Event: 1.091 Thread 0x0000021460070d60 Thread added: 0x0000021460070d60
Event: 1.091 Thread 0x0000021460071d00 Thread added: 0x0000021460071d00
Event: 1.091 Thread 0x0000021460073150 Thread added: 0x0000021460073150
Event: 1.095 Thread 0x00000214600f6530 Thread added: 0x00000214600f6530
Event: 1.436 Thread 0x0000021460036d00 Thread added: 0x0000021460036d00
Event: 1.570 Thread 0x00000214645db190 Thread added: 0x00000214645db190
Event: 1.572 Thread 0x00000214644dc6f0 Thread added: 0x00000214644dc6f0
Event: 1.574 Thread 0x00000214644dcc40 Thread added: 0x00000214644dcc40
Event: 4.742 Thread 0x00000214645b21c0 Thread added: 0x00000214645b21c0


Dynamic libraries:
0x00007ff6e8240000 - 0x00007ff6e8250000 	C:\Program Files\Java\jdk-19\bin\java.exe
0x00007ffcd39f0000 - 0x00007ffcd3c07000 	C:\WINDOWS\SYSTEM32\ntdll.dll
0x00007ffc9bb40000 - 0x00007ffc9bb59000 	C:\Program Files\Avast Software\Avast\aswhook.dll
0x00007ffcd1d60000 - 0x00007ffcd1e24000 	C:\WINDOWS\System32\KERNEL32.DLL
0x00007ffcd1260000 - 0x00007ffcd1606000 	C:\WINDOWS\System32\KERNELBASE.dll
0x00007ffcd1140000 - 0x00007ffcd1251000 	C:\WINDOWS\System32\ucrtbase.dll
0x00007ffcbe740000 - 0x00007ffcbe758000 	C:\Program Files\Java\jdk-19\bin\jli.dll
0x00007ffcbdc30000 - 0x00007ffcbdc4b000 	C:\Program Files\Java\jdk-19\bin\VCRUNTIME140.dll
0x00007ffcd2310000 - 0x00007ffcd23c3000 	C:\WINDOWS\System32\ADVAPI32.dll
0x00007ffcd2610000 - 0x00007ffcd26b7000 	C:\WINDOWS\System32\msvcrt.dll
0x00007ffcd1760000 - 0x00007ffcd1808000 	C:\WINDOWS\System32\sechost.dll
0x00007ffcd0db0000 - 0x00007ffcd0dd8000 	C:\WINDOWS\System32\bcrypt.dll
0x00007ffcd3040000 - 0x00007ffcd3157000 	C:\WINDOWS\System32\RPCRT4.dll
0x00007ffcd2160000 - 0x00007ffcd230e000 	C:\WINDOWS\System32\USER32.dll
0x00007ffcd1110000 - 0x00007ffcd1136000 	C:\WINDOWS\System32\win32u.dll
0x00007ffcb7270000 - 0x00007ffcb7503000 	C:\WINDOWS\WinSxS\amd64_microsoft.windows.common-controls_6595b64144ccf1df_6.0.22621.2506_none_270c5ae97388e100\COMCTL32.dll
0x00007ffcd2540000 - 0x00007ffcd2569000 	C:\WINDOWS\System32\GDI32.dll
0x00007ffcd0ff0000 - 0x00007ffcd1108000 	C:\WINDOWS\System32\gdi32full.dll
0x00007ffcd0de0000 - 0x00007ffcd0e7a000 	C:\WINDOWS\System32\msvcp_win.dll
0x00007ffcc85c0000 - 0x00007ffcc85ca000 	C:\WINDOWS\SYSTEM32\VERSION.dll
0x00007ffcd1810000 - 0x00007ffcd1841000 	C:\WINDOWS\System32\IMM32.DLL
0x00007ffccea60000 - 0x00007ffccea6c000 	C:\Program Files\Java\jdk-19\bin\vcruntime140_1.dll
0x00007ffcae830000 - 0x00007ffcae8be000 	C:\Program Files\Java\jdk-19\bin\msvcp140.dll
0x00007ffc784b0000 - 0x00007ffc79170000 	C:\Program Files\Java\jdk-19\bin\server\jvm.dll
0x00007ffcabf80000 - 0x00007ffcabf89000 	C:\WINDOWS\SYSTEM32\WSOCK32.dll
0x00007ffcc95b0000 - 0x00007ffcc95e4000 	C:\WINDOWS\SYSTEM32\WINMM.dll
0x00007ffcd23d0000 - 0x00007ffcd2441000 	C:\WINDOWS\System32\WS2_32.dll
0x00007ffccfd30000 - 0x00007ffccfd48000 	C:\WINDOWS\SYSTEM32\kernel.appcore.dll
0x00007ffcce860000 - 0x00007ffcce86a000 	C:\Program Files\Java\jdk-19\bin\jimage.dll
0x00007ffcbf920000 - 0x00007ffcbfb53000 	C:\WINDOWS\SYSTEM32\DBGHELP.DLL
0x00007ffcd3310000 - 0x00007ffcd3699000 	C:\WINDOWS\System32\combase.dll
0x00007ffcd2450000 - 0x00007ffcd2527000 	C:\WINDOWS\System32\OLEAUT32.dll
0x00007ffcb4830000 - 0x00007ffcb4862000 	C:\WINDOWS\SYSTEM32\dbgcore.DLL
0x00007ffcd0d30000 - 0x00007ffcd0daa000 	C:\WINDOWS\System32\bcryptPrimitives.dll
0x00007ffc82260000 - 0x00007ffc8229c000 	C:\Program Files\Java\jdk-19\bin\jdwp.dll
0x00007ffcaf770000 - 0x00007ffcaf77e000 	C:\Program Files\Java\jdk-19\bin\instrument.dll
0x00007ffca3fd0000 - 0x00007ffca3ff6000 	C:\Program Files\Java\jdk-19\bin\java.dll
0x00007ffcbd590000 - 0x00007ffcbd5a8000 	C:\Program Files\Java\jdk-19\bin\zip.dll
0x00007ffc841a0000 - 0x00007ffc84277000 	C:\Program Files\Java\jdk-19\bin\jsvml.dll
0x00007ffcd26d0000 - 0x00007ffcd2f2b000 	C:\WINDOWS\System32\SHELL32.dll
0x00007ffccec40000 - 0x00007ffccf536000 	C:\WINDOWS\SYSTEM32\windows.storage.dll
0x00007ffcceb00000 - 0x00007ffccec3e000 	C:\WINDOWS\SYSTEM32\wintypes.dll
0x00007ffcd3700000 - 0x00007ffcd37f3000 	C:\WINDOWS\System32\SHCORE.dll
0x00007ffcd36a0000 - 0x00007ffcd36fe000 	C:\WINDOWS\System32\shlwapi.dll
0x00007ffcd0c60000 - 0x00007ffcd0c86000 	C:\WINDOWS\SYSTEM32\profapi.dll
0x00007ffcac0c0000 - 0x00007ffcac0cc000 	C:\Program Files\Java\jdk-19\bin\dt_socket.dll
0x00007ffccf7a0000 - 0x00007ffccf7cd000 	C:\WINDOWS\SYSTEM32\IPHLPAPI.DLL
0x00007ffcd01a0000 - 0x00007ffcd0209000 	C:\WINDOWS\system32\mswsock.dll
0x00007ffcc9fa0000 - 0x00007ffcc9fb3000 	C:\Program Files\Java\jdk-19\bin\net.dll
0x00007ffcc9470000 - 0x00007ffcc95a7000 	C:\WINDOWS\SYSTEM32\WINHTTP.dll
0x00007ffcbe030000 - 0x00007ffcbe046000 	C:\Program Files\Java\jdk-19\bin\nio.dll

dbghelp: loaded successfully - version: 4.0.5 - missing functions: none
symbol engine: initialized successfully - sym options: 0x614 - pdb path: .;C:\Program Files\Java\jdk-19\bin;C:\WINDOWS\SYSTEM32;C:\Program Files\Avast Software\Avast;C:\WINDOWS\WinSxS\amd64_microsoft.windows.common-controls_6595b64144ccf1df_6.0.22621.2506_none_270c5ae97388e100;C:\Program Files\Java\jdk-19\bin\server

VM Arguments:
jvm_args: -agentlib:jdwp=transport=dt_socket,address=127.0.0.1:59189,suspend=y,server=n -javaagent:C:\Users\HP\AppData\Local\JetBrains\IdeaIC2023.2\captureAgent\debugger-agent.jar=file:/C:/Users/HP/AppData/Local/Temp/capture.props -Dfile.encoding=UTF-8 -Dsun.stdout.encoding=UTF-8 -Dsun.stderr.encoding=UTF-8 
java_command: com.GlamourByNora.api.ApiApplication
java_class_path (initial): C:\Users\HP\StevesWork\api\target\classes;C:\Users\HP\.m2\repository\org\springframework\boot\spring-boot-starter-web\3.2.0\spring-boot-starter-web-3.2.0.jar;C:\Users\HP\.m2\repository\org\springframework\boot\spring-boot-starter\3.2.0\spring-boot-starter-3.2.0.jar;C:\Users\HP\.m2\repository\org\springframework\boot\spring-boot\3.2.0\spring-boot-3.2.0.jar;C:\Users\HP\.m2\repository\org\springframework\boot\spring-boot-autoconfigure\3.2.0\spring-boot-autoconfigure-3.2.0.jar;C:\Users\HP\.m2\repository\org\springframework\boot\spring-boot-starter-logging\3.2.0\spring-boot-starter-logging-3.2.0.jar;C:\Users\HP\.m2\repository\ch\qos\logback\logback-classic\1.4.11\logback-classic-1.4.11.jar;C:\Users\HP\.m2\repository\ch\qos\logback\logback-core\1.4.11\logback-core-1.4.11.jar;C:\Users\HP\.m2\repository\org\apache\logging\log4j\log4j-to-slf4j\2.21.1\log4j-to-slf4j-2.21.1.jar;C:\Users\HP\.m2\repository\org\apache\logging\log4j\log4j-api\2.21.1\log4j-api-2.21.1.jar;C:\Users\HP\.m2\repository\org\slf4j\jul-to-slf4j\2.0.9\jul-to-slf4j-2.0.9.jar;C:\Users\HP\.m2\repository\jakarta\annotation\jakarta.annotation-api\2.1.1\jakarta.annotation-api-2.1.1.jar;C:\Users\HP\.m2\repository\org\yaml\snakeyaml\2.2\snakeyaml-2.2.jar;C:\Users\HP\.m2\repository\org\springframework\boot\spring-boot-starter-json\3.2.0\spring-boot-starter-json-3.2.0.jar;C:\Users\HP\.m2\repository\com\fasterxml\jackson\datatype\jackson-datatype-jdk8\2.15.3\jackson-datatype-jdk8-2.15.3.jar;C:\Users\HP\.m2\repository\com\fasterxml\jackson\datatype\jackson-datatype-jsr310\2.15.3\jackson-datatype-jsr310-2.15.3.jar;C:\Users\HP\.m2\repository\com\fasterxml\jackson\module\jackson-module-parameter-names\2.15.3\jackson-module-parameter-names-2.15.3.jar;C:\Users\HP\.m2\repository\org\springframework\boot\spring-boot-starter-tomcat\3.2.0\spring-boot-starter-tomcat-3.2.0.jar;C:\Users\HP\.m2\repository\org\apache\tomcat\embed\tomcat-embed-core\10.1.16\tomcat-embed-core-10.1.16.jar;C:\Users\HP\.m2\repository\org\apache\tomcat\embed\tomcat-embed-websocket\10.1.16\tomcat-embed-websocket-10.1.16.jar;C:\Users\HP\.m2\repository\org\springframework\spring-web\6.1.1\spring-web-6.1.1.jar;C:\Users\HP\.m2\repository\org\springframework\spring-beans\6.1.1\spring-beans-6.1.1.jar;C:\Users\HP\.m2\repository\io\micrometer\micrometer-observation\1.12.0\micrometer-observation-1.12.0.jar;C:\Users\HP\.m2\repository\io\micrometer\micrometer-commons\1.12.0\micrometer-commons-1.12.0.jar;C:\Users\HP\.m2\repository\org\springframework\spring-webmvc\6.1.1\spring-webmvc-6.1.1.jar;C:\Users\HP\.m2\repository\org\springframework\spring-context\6.1.1\spring-context-6.1.1.jar;C:\Users\HP\.m2\repository\org\springframework\spring-expression\6.1.1\spring-expression-6.1.1.jar;C:\Users\HP\.m2\repository\org\slf4j\slf4j-api\2.0.9\slf4j-api-2.0.9.jar;C:\Users\HP\.m2\repository\jakarta\xml\bind\jakarta.xml.bind-api\4.0.1\jakarta.xml.bind-api-4.0.1.jar;C:\Users\HP\.m2\repository\net\bytebuddy\byte-buddy\1.14.10\byte-buddy-1.14.10.jar;C:\Users\HP\.m2\repository\org\springframework\spring-core\6.1.1\spring-core-6.1.1.jar;C:\Users\HP\.m2\repository\org\springframework\spring-jcl\6.1.1\spring-jcl-6.1.1.jar;C:\Users\HP\.m2\repository\org\springframework\boot\spring-boot-starter-data-jpa\3.2.0\spring-boot-starter-data-jpa-3.2.0.jar;C:\Users\HP\.m2\repository\org\springframework\boot\spring-boot-starter-aop\3.2.0\spring-boot-starter-aop-3.2.0.jar;C:\Users\HP\.m2\repository\org\aspectj\aspectjweaver\1.9.20.1\aspectjweaver-1.9.20.1.jar;C:\Users\HP\.m2\repository\org\springframework\boot\spring-boot-starter-jdbc\3.2.0\spring-boot-starter-jdbc-3.2.0.jar;C:\Users\HP\.m2\repository\com\zaxxer\HikariCP\5.0.1\HikariCP-5.0.1.jar;C:\Users\HP\.m2\repository\org\springframework\spring-jdbc\6.1.1\spring-jdbc-6.1.1.jar;C:\Users\HP\.m2\repository\org\hibernate\orm\hibernate-core\6.3.1.Final\hibernate-core-6.3.1.Final.jar;C:\Users\HP\.m2\repository\jakarta\persistence\jakarta.persistence-api\3.1.0\jakarta.persistence-api-3.1.0.jar;C:\Users\HP\.m2\repository\jakarta\transaction\jakarta.transaction-api\2.0.1\jakarta.transaction-api-2.0.1.jar;C:\Users\HP\.m2\repository\org\jboss\logging\jboss-logging\3.5.3.Final\jboss-logging-3.5.3.Final.jar;C:\Users\HP\.m2\repository\org\hibernate\common\hibernate-commons-annotations\6.0.6.Final\hibernate-commons-annotations-6.0.6.Final.jar;C:\Users\HP\.m2\repository\io\smallrye\jandex\3.1.2\jandex-3.1.2.jar;C:\Users\HP\.m2\repository\com\fasterxml\classmate\1.6.0\classmate-1.6.0.jar;C:\Users\HP\.m2\repository\org\glassfish\jaxb\jaxb-runtime\4.0.4\jaxb-runtime-4.0.4.jar;C:\Users\HP\.m2\repository\org\glassfish\jaxb\jaxb-core\4.0.4\jaxb-core-4.0.4.jar;C:\Users\HP\.m2\repository\org\glassfish\jaxb\txw2\4.0.4\txw2-4.0.4.jar;C:\Users\HP\.m2\repository\com\sun\istack\istack-commons-runtime\4.1.2\istack-commons-runtime-4.1.2.jar;C:\Users\HP\.m2\repository\jakarta\inject\jakarta.inject-api\2.0.1\jakarta.inject-api-2.0.1.jar;C:\Users\HP\.m2\repository\org\antlr\antlr4-runtime\4.10.1\antlr4-runtime-4.10.1.jar;C:\Users\HP\.m2\repository\org\springframework\data\spring-data-jpa\3.2.0\spring-data-jpa-3.2.0.jar;C:\Users\HP\.m2\repository\org\springframework\data\spring-data-commons\3.2.0\spring-data-commons-3.2.0.jar;C:\Users\HP\.m2\repository\org\springframework\spring-orm\6.1.1\spring-orm-6.1.1.jar;C:\Users\HP\.m2\repository\org\springframework\spring-tx\6.1.1\spring-tx-6.1.1.jar;C:\Users\HP\.m2\repository\org\springframework\spring-aspects\6.1.1\spring-aspects-6.1.1.jar;C:\Users\HP\.m2\repository\com\mysql\mysql-connector-j\8.1.0\mysql-connector-j-8.1.0.jar;C:\Users\HP\.m2\repository\org\springframework\boot\spring-boot-starter-validation\3.2.0\spring-boot-starter-validation-3.2.0.jar;C:\Users\HP\.m2\repository\org\apache\tomcat\embed\tomcat-embed-el\10.1.16\tomcat-embed-el-10.1.16.jar;C:\Users\HP\.m2\repository\org\hibernate\validator\hibernate-validator\8.0.1.Final\hibernate-validator-8.0.1.Final.jar;C:\Users\HP\.m2\repository\jakarta\validation\jakarta.validation-api\3.0.2\jakarta.validation-api-3.0.2.jar;C:\Users\HP\.m2\repository\org\springframework\boot\spring-boot-starter-data-redis\3.2.0\spring-boot-starter-data-redis-3.2.0.jar;C:\Users\HP\.m2\repository\io\lettuce\lettuce-core\6.3.0.RELEASE\lettuce-core-6.3.0.RELEASE.jar;C:\Users\HP\.m2\repository\io\netty\netty-common\4.1.101.Final\netty-common-4.1.101.Final.jar;C:\Users\HP\.m2\repository\io\netty\netty-handler\4.1.101.Final\netty-handler-4.1.101.Final.jar;C:\Users\HP\.m2\repository\io\netty\netty-resolver\4.1.101.Final\netty-resolver-4.1.101.Final.jar;C:\Users\HP\.m2\repository\io\netty\netty-buffer\4.1.101.Final\netty-buffer-4.1.101.Final.jar;C:\Users\HP\.m2\repository\io\netty\netty-transport-native-unix-common\4.1.101.Final\netty-transport-native-unix-common-4.1.101.Final.jar;C:\Users\HP\.m2\repository\io\netty\netty-codec\4.1.101.Final\netty-codec-4.1.101.Final.jar;C:\Users\HP\.m2\repository\io\netty\netty-transport\4.1.101.Final\netty-transport-4.1.101.Final.jar;C:\Users\HP\.m2\repository\io\projectreactor\reactor-core\3.6.0\reactor-core-3.6.0.jar;C:\Users\HP\.m2\repository\org\reactivestreams\reactive-streams\1.0.4\reactive-streams-1.0.4.jar;C:\Users\HP\.m2\repository\org\springframework\data\spring-data-redis\3.2.0\spring-data-redis-3.2.0.jar;C:\Users\HP\.m2\repository\org\springframework\data\spring-data-keyvalue\3.2.0\spring-data-keyvalue-3.2.0.jar;C:\Users\HP\.m2\repository\org\springframework\spring-oxm\6.1.1\spring-oxm-6.1.1.jar;C:\Users\HP\.m2\repository\org\springframework\session\spring-session-data-redis\3.2.0\spring-session-data-redis-3.2.0.jar;C:\Users\HP\.m2\repository\org\springframework\session\spring-session-core\3.2.0\spring-session-core-3.2.0.jar;C:\Users\HP\.m2\repository\jakarta\mail\jakarta.mail-api\2.1.2\jakarta.mail-api-2.1.2.jar;C:\Users\HP\.m2\repository\jakarta\activation\jakarta.activation-api\2.1.2\jakarta.activation-api-2.1.2.jar;C:\Users\HP\.m2\repository\org\springframework\boot\spring-boot-starter-mail\3.2.0\spring-boot-starter-mail-3.2.0.jar;C:\Users\HP\.m2\repository\org\springframework\spring-context-support\6.1.1\spring-context-support-6.1.1.jar;C:\Users\HP\.m2\repository\org\eclipse\angus\jakarta.mail\2.0.2\jakarta.mail-2.0.2.jar;C:\Users\HP\.m2\repository\org\eclipse\angus\angus-activation\2.0.1\angus-activation-2.0.1.jar;C:\Users\HP\.m2\repository\org\springframework\boot\spring-boot-starter-security\3.2.1\spring-boot-starter-security-3.2.1.jar;C:\Users\HP\.m2\repository\org\springframework\spring-aop\6.1.1\spring-aop-6.1.1.jar;C:\Users\HP\.m2\repository\org\springframework\security\spring-security-config\6.2.0\spring-security-config-6.2.0.jar;C:\Users\HP\.m2\repository\org\springframework\security\spring-security-core\6.2.0\spring-security-core-6.2.0.jar;C:\Users\HP\.m2\repository\org\springframework\security\spring-security-crypto\6.2.0\spring-security-crypto-6.2.0.jar;C:\Users\HP\.m2\repository\org\springframework\security\spring-security-web\6.2.0\spring-security-web-6.2.0.jar;C:\Users\HP\.m2\repository\io\jsonwebtoken\jjwt-api\0.11.5\jjwt-api-0.11.5.jar;C:\Users\HP\.m2\repository\io\jsonwebtoken\jjwt-impl\0.11.5\jjwt-impl-0.11.5.jar;C:\Users\HP\.m2\repository\io\jsonwebtoken\jjwt-jackson\0.11.5\jjwt-jackson-0.11.5.jar;C:\Users\HP\.m2\repository\com\fasterxml\jackson\core\jackson-databind\2.15.3\jackson-databind-2.15.3.jar;C:\Users\HP\.m2\repository\com\fasterxml\jackson\core\jackson-annotations\2.15.3\jackson-annotations-2.15.3.jar;C:\Users\HP\.m2\repository\com\fasterxml\jackson\core\jackson-core\2.15.3\jackson-core-2.15.3.jar;C:\Users\HP\.m2\repository\org\apache\httpcomponents\httpclient\4.5.14\httpclient-4.5.14.jar;C:\Users\HP\.m2\repository\org\apache\httpcomponents\httpcore\4.4.16\httpcore-4.4.16.jar;C:\Users\HP\.m2\repository\commons-logging\commons-logging\1.2\commons-logging-1.2.jar;C:\Users\HP\.m2\repository\commons-codec\commons-codec\1.16.0\commons-codec-1.16.0.jar;C:\Users\HP\.m2\repository\com\google\code\gson\gson\2.10.1\gson-2.10.1.jar;C:\Program Files\JetBrains\IntelliJ IDEA Community Edition 2023.2.2\lib\idea_rt.jar
Launcher Type: SUN_STANDARD

[Global flags]
     intx CICompilerCount                          = 3                                         {product} {ergonomic}
     uint ConcGCThreads                            = 1                                         {product} {ergonomic}
     uint G1ConcRefinementThreads                  = 4                                         {product} {ergonomic}
   size_t G1HeapRegionSize                         = 1048576                                   {product} {ergonomic}
    uintx GCDrainStackTargetSize                   = 64                                        {product} {ergonomic}
   size_t InitialHeapSize                          = 65011712                                  {product} {ergonomic}
   size_t MarkStackSize                            = 4194304                                   {product} {ergonomic}
   size_t MaxHeapSize                              = 1023410176                                {product} {ergonomic}
   size_t MaxNewSize                               = 613416960                                 {product} {ergonomic}
   size_t MinHeapDeltaBytes                        = 1048576                                   {product} {ergonomic}
   size_t MinHeapSize                              = 8388608                                   {product} {ergonomic}
    uintx NonNMethodCodeHeapSize                   = 5832780                                {pd product} {ergonomic}
    uintx NonProfiledCodeHeapSize                  = 122912730                              {pd product} {ergonomic}
    uintx ProfiledCodeHeapSize                     = 122912730                              {pd product} {ergonomic}
    uintx ReservedCodeCacheSize                    = 251658240                              {pd product} {ergonomic}
     bool SegmentedCodeCache                       = true                                      {product} {ergonomic}
   size_t SoftMaxHeapSize                          = 1023410176                             {manageable} {ergonomic}
     bool UseCompressedClassPointers               = true                           {product lp64_product} {ergonomic}
     bool UseCompressedOops                        = true                           {product lp64_product} {ergonomic}
     bool UseG1GC                                  = true                                      {product} {ergonomic}
     bool UseLargePagesIndividualAllocation        = false                                  {pd product} {ergonomic}

Logging:
Log output configuration:
 #0: stdout all=warning uptime,level,tags foldmultilines=false
 #1: stderr all=off uptime,level,tags foldmultilines=false

Environment Variables:
JAVA_HOME=C:\Program Files\Java\jdk-19
PATH=C:\Program Files\Common Files\Oracle\Java\javapath;C:\Program Files (x86)\Common Files\Intel\Shared Files\cpp\bin\Intel64;C:\WINDOWS\system32;C:\WINDOWS;C:\WINDOWS\System32\Wbem;C:\WINDOWS\System32\WindowsPowerShell\v1.0\;C:\WINDOWS\System32\OpenSSH\;C:\Program Files\Java\jdk-19\bin;C:\Program Files\Git\cmd;C:\Program Files\MySQL\MySQL Server 8.0\bin;;C:\Program Files\Docker\Docker\resources\bin;C:\Program Files\MySQL\MySQL Shell 8.0\bin\;C:\Users\HP\AppData\Local\Microsoft\WindowsApps;C:\Users\HP\AppData\Local\Programs\Microsoft VS Code\bin;C:\Users\HP\apacheMavenExtract\Code\apache-maven-3.9.2\bin;C:\Program Files\JetBrains\IntelliJ IDEA Community Edition 2023.2.2\bin;;
USERNAME=HP
OS=Windows_NT
PROCESSOR_IDENTIFIER=Intel64 Family 6 Model 142 Stepping 12, GenuineIntel
TMP=C:\Users\HP\AppData\Local\Temp
TEMP=C:\Users\HP\AppData\Local\Temp



---------------  S Y S T E M  ---------------

OS:
 Windows 11 , 64 bit Build 22621 (10.0.22621.3085)
OS uptime: 25 days 7:12 hours
Hyper-V role detected

CPU: total 4 (initial active 4) (2 cores per cpu, 2 threads per core) family 6 model 142 stepping 12 microcode 0xea, cx8, cmov, fxsr, ht, mmx, 3dnowpref, sse, sse2, sse3, ssse3, sse4.1, sse4.2, popcnt, lzcnt, tsc, tscinvbit, aes, erms, clmul, clflush, clflushopt, hv, rdtscp

Memory: 4k page, system-wide physical 3900M (196M free)
TotalPageFile size 15676M (AvailPageFile size 0M)
current process WorkingSet (physical memory assigned to process): 71M, peak: 71M
current process commit charge ("private bytes"): 152M, peak: 152M

vm_info: Java HotSpot(TM) 64-Bit Server VM (19.0.1+10-21) for windows-amd64 JRE (19.0.1+10-21), built on 2022-09-14T12:45:06Z by "mach5one" with MS VC++ 17.1 (VS2022)

END.
